Arguments: 
  D:\apps\scoop\apps\nodejs\current\node.exe D:\apps\scoop\apps\yarn\current\Yarn\bin\yarn.js add -D prettier

PATH: 
  C:\WINDOWS\system32;C:\WINDOWS;C:\WINDOWS\System32\Wbem;C:\WINDOWS\System32\WindowsPowerShell\v1.0\;C:\WINDOWS\System32\OpenSSH\;C:\Program Files\NVIDIA Corporation\NVIDIA NvDLISR;C:\Program Files (x86)\NVIDIA Corporation\PhysX\Common;C:\WINDOWS\system32;C:\WINDOWS;C:\WINDOWS\System32\Wbem;C:\WINDOWS\System32\WindowsPowerShell\v1.0\;C:\WINDOWS\System32\OpenSSH\;C:\ProgramData\chocolatey\bin;D:\apps\scoop\apps\python\current;D:\apps\scoop\apps\python\current\Scripts;D:\apps\scoop\apps\yarn\current\Yarn\bin;D:\apps\scoop\apps\yarn\current\global\node_modules\.bin;D:\apps\scoop\apps\nodejs\current\bin;D:\apps\scoop\apps\nodejs\current;D:\apps\scoop\shims;C:\Users\lilei\AppData\Local\Microsoft\WindowsApps;D:\apps\vscode\bin;C:\Users\lilei\AppData\Local\GitHubDesktop\bin

Yarn version: 
  1.22.0

Node version: 
  13.8.0

Platform: 
  win32 x64

Trace: 
  SyntaxError: D:\projects\howto\package.json: Unexpected string in JSON at position 103
      at JSON.parse (<anonymous>)
      at D:\apps\scoop\apps\yarn\1.22.0\Yarn\lib\cli.js:1625:59
      at Generator.next (<anonymous>)
      at step (D:\apps\scoop\apps\yarn\1.22.0\Yarn\lib\cli.js:310:30)
      at D:\apps\scoop\apps\yarn\1.22.0\Yarn\lib\cli.js:321:13

npm manifest: 
  {
    "name": "howto",
    "version": "1.0.0",
    "description": "A collection of questions and answers."
    "repository": "https://github.com/nailiebreak/howto.git",
    "license": "MIT"
  }

yarn manifest: 
  No manifest

Lockfile: 
  No lockfile
